[LOG] System::create                           : Header version = 2.02.20. Current version = 2.02.20.
[LOG] Manager::init                            : maxchannels = 256 studioflags = 00000006 flags 00000000 extradriverdata 0000000000000000.
[LOG] SystemI::init                            : Initialize version=20220 (139317), maxchannels=256, flags=0x00020000
[LOG] SystemI::setOutputInternal               : Setting output to 'FMOD WASAPI Output'
[LOG] OutputWASAPI::init                       : Mix Format (WAVEFORMATEX): wFormatTag=0xFFFE, nChannels=2, nSamplesPerSec=48000, nAvgBytesPerSec=384000, nBlockAlign=8, wBitsPerSample=32, cbSize=22.
[LOG] OutputWASAPI::init                       : Mix Format (WAVEFORMATEXTENSIBLE): wValidBitsPerSample=32, dwChannelMask=0x00000003, SubFormat=00000003-0000-0010-8000-00AA00389B71.
[LOG] OutputWASAPI::init                       : Output buffer size: 4096 samples, latency: 0.00ms, period: 10.00ms, DSP buffer: 1024 * 4
[LOG] Thread::initThread                       : Init FMOD stream thread. Affinity: 0x4000000000000003, Priority: 0xFFFF7FFB, Stack Size: 98304, Semaphore: No, Sleep Time: 10, Looping: Yes.
[LOG] Thread::initThread                       : Init FMOD mixer thread. Affinity: 0x4000000000000001, Priority: 0xFFFF7FFA, Stack Size: 81920, Semaphore: No, Sleep Time: 0, Looping: Yes.
[LOG] AsyncManager::init                       : manager 00000294FE5DE388 isAsync 0 updatePeriod 0.02
[LOG] AsyncManager::init                       : done
[LOG] PlaybackSystem::init                     : 
[LOG] Thread::initThread                       : Init FMOD Studio sample load thread. Affinity: 0x4000000000000003, Priority: 0xFFFF7FFD, Stack Size: 98304, Semaphore: No, Sleep Time: 1, Looping: No.
[LOG] PlaybackSystem::init                     : done
[LOG] Thread::initThread                       : Init FMOD Studio bank load thread. Affinity: 0x4000000000000003, Priority: 0xFFFF7FFD, Stack Size: 98304, Semaphore: No, Sleep Time: 1, Looping: No.
[LOG] Manager::init                            : done.
[LOG] Manager::readBank                        : fileversion = 142, compatVersion = 140 (oldest = 44, newest = 142)
[LOG] Manager::readBank                        : fileversion = 142, compatVersion = 140 (oldest = 44, newest = 142)
[LOG] Manager::readBank                        : fileversion = 142, compatVersion = 140 (oldest = 44, newest = 142)
[LOG] PlaybackSystem::acquireMasterBus         : Setting master channel group format to 6
[LOG] Manager::readBank                        : fileversion = 142, compatVersion = 140 (oldest = 44, newest = 142)
[LOG] SystemI::createSound                     : filename = Assets/SFX/Build/Desktop/Master.bank : mode 02010082
[LOG] SystemI::createSound                     : FMOD_NONBLOCKING specified.  Putting into queue to be opened asynchronously!
[LOG] AsyncThread::add                         : add sound to async queue : soundi = 00000294D40B4EA8, queue head = 00000294D81E8798, queue count = 0
[LOG] AsyncThread::threadFunc                  : Starting Asynchronous operation on sound 00000294D40B4EA8
[LOG] SystemI::createSoundInternal             :     Create name='Assets/SFX/Build/Desktop/Master.bank', mode=0x02010082
[LOG] SystemI::createSoundInternal             :     exinfo->cbsize             = 224
[LOG] SystemI::createSoundInternal             :     exinfo->length             = 1119456
[LOG] SystemI::createSoundInternal             :     exinfo->fileoffset         = 5888
[LOG] SystemI::createSoundInternal             :     exinfo->numsubsounds       = 1
[LOG] SystemI::createSoundInternal             :     exinfo->inclusionlist      = 000002948AEF9470
[LOG] SystemI::createSoundInternal             :     exinfo->inclusionlistnum   = 1
[LOG] SystemI::createSoundInternal             :     exinfo->suggestedsoundtype = 5
[LOG] SystemI::createSoundInternal             :     exinfo->initialseekposition = 8500
[LOG] SystemI::createSoundInternal             :     exinfo->initialseekpostype = 1
[LOG] SystemI::createSoundInternal             :     Create name='', mode=0x02000202
[LOG] SystemI::createSoundInternal             :     Stream 0/1: name='folding-paper-34965', format=5, channels=2, frequency=48000, lengthbytes=492832, lengthpcm=2246400, pcmblocksize=0, loopstart=0, loopend=0, mode=0x00000000, channelmask=0x00000000, channelorder=0, peakvolume=0.678986.
[LOG] SystemI::createSoundInternal             :     exinfo->cbsize             = 224
[LOG] SystemI::createSoundInternal             :     exinfo->length             = 1119456
[LOG] SystemI::createSoundInternal             :     exinfo->fileoffset         = 5888
[LOG] SystemI::createSoundInternal             :     exinfo->numsubsounds       = 1
[LOG] SystemI::createSoundInternal             :     exinfo->inclusionlist      = 000000C62643EE88
[LOG] SystemI::createSoundInternal             :     exinfo->inclusionlistnum   = 1
[LOG] SystemI::createSoundInternal             :     exinfo->suggestedsoundtype = 5
[LOG] SystemI::createSoundInternal             :     exinfo->useropen           = 00007FFB8D7F3F70
[LOG] SystemI::createSoundInternal             :     exinfo->userclose          = 00007FFB8D7F3F30
[LOG] SystemI::createSoundInternal             :     exinfo->userread           = 00007FFB8D7F4050
[LOG] SystemI::createSoundInternal             :     exinfo->userseek           = 00007FFB8D7F4110
[LOG] SystemI::createSoundInternal             :     exinfo->fileuserdata       = 000002948A62A6B8
[LOG] SystemI::createSoundInternal             :     exinfo->initialseekpostype = 1
[LOG] SystemI::DSPCodecPoolRegister            :     register codec pool for pool type 5
[LOG] SystemI::createSoundInternal             :     Sample 0/1: name='clock-alarm-8761', format=5, channels=2, frequency=48000, lengthbytes=96480, lengthpcm=277106, pcmblocksize=0, loopstart=0, loopend=0, mode=0x00000000, channelmask=0x00000000, channelorder=0, peakvolume=0.328857.
[LOG] AsyncThread::threadFunc                  : Finished Asynchronous operation on sound 00000294D40B4EA8
[LOG] SystemI::createSound                     : filename = Assets/SFX/Build/Desktop/Master.bank : mode 02010082
[LOG] SystemI::createSound                     : FMOD_NONBLOCKING specified.  Putting into queue to be opened asynchronously!
[LOG] AsyncThread::add                         : add sound to async queue : soundi = 00000294D40B4638, queue head = 00000294D81E8798, queue count = 0
[LOG] AsyncThread::threadFunc                  : Starting Asynchronous operation on sound 00000294D40B4638
[LOG] SystemI::createSoundInternal             :     Create name='Assets/SFX/Build/Desktop/Master.bank', mode=0x02010082
[LOG] SystemI::createSoundInternal             :     exinfo->cbsize             = 224
[LOG] SystemI::createSoundInternal             :     exinfo->length             = 1119456
[LOG] SystemI::createSoundInternal             :     exinfo->fileoffset         = 5888
[LOG] SystemI::createSoundInternal             :     exinfo->numsubsounds       = 1
[LOG] SystemI::createSoundInternal             :     exinfo->inclusionlist      = 000002948AEF9AB0
[LOG] SystemI::createSoundInternal             :     exinfo->inclusionlistnum   = 1
[LOG] SystemI::createSoundInternal             :     exinfo->suggestedsoundtype = 5
[LOG] SystemI::createSoundInternal             :     exinfo->initialseekposition = 9000
[LOG] SystemI::createSoundInternal             :     exinfo->initialseekpostype = 1
[LOG] SystemI::createSoundInternal             :     Stream 0/1: name='folding-paper-34965', format=5, channels=2, frequency=48000, lengthbytes=492832, lengthpcm=2246400, pcmblocksize=0, loopstart=0, loopend=0, mode=0x00000000, channelmask=0x00000000, channelorder=0, peakvolume=0.678986.
[LOG] AsyncThread::threadFunc                  : Finished Asynchronous operation on sound 00000294D40B4638
[LOG] SoundI::release                          : folding-paper-34965 (00000294D40B4EA8)
[LOG] SoundI::release                          :     folding-paper-34965 (00000294FD87E268)
[LOG] SoundI::release                          :     folding-paper-34965 (0000029205E9D6F8)
[LOG] SystemI::createSound                     : filename = Assets/SFX/Build/Desktop/Master.bank : mode 02010082
[LOG] SystemI::createSound                     : FMOD_NONBLOCKING specified.  Putting into queue to be opened asynchronously!
[LOG] AsyncThread::add                         : add sound to async queue : soundi = 00000294D40B47E8, queue head = 00000294D81E8798, queue count = 0
[LOG] AsyncThread::threadFunc                  : Starting Asynchronous operation on sound 00000294D40B47E8
[LOG] SystemI::createSoundInternal             :     Create name='Assets/SFX/Build/Desktop/Master.bank', mode=0x02010082
[LOG] SystemI::createSoundInternal             :     exinfo->cbsize             = 224
[LOG] SystemI::createSoundInternal             :     exinfo->length             = 1119456
[LOG] SystemI::createSoundInternal             :     exinfo->fileoffset         = 5888
[LOG] SystemI::createSoundInternal             :     exinfo->numsubsounds       = 1
[LOG] SystemI::createSoundInternal             :     exinfo->inclusionlist      = 000002948AEF9D30
[LOG] SystemI::createSoundInternal             :     exinfo->inclusionlistnum   = 1
[LOG] SystemI::createSoundInternal             :     exinfo->suggestedsoundtype = 5
[LOG] SystemI::createSoundInternal             :     exinfo->initialseekposition = 10000
[LOG] SystemI::createSoundInternal             :     exinfo->initialseekpostype = 1
[LOG] SystemI::createSoundInternal             :     Stream 0/1: name='folding-paper-34965', format=5, channels=2, frequency=48000, lengthbytes=492832, lengthpcm=2246400, pcmblocksize=0, loopstart=0, loopend=0, mode=0x00000000, channelmask=0x00000000, channelorder=0, peakvolume=0.678986.
[LOG] AsyncThread::threadFunc                  : Finished Asynchronous operation on sound 00000294D40B47E8
[LOG] SoundI::release                          : folding-paper-34965 (00000294D40B4638)
[LOG] SoundI::release                          :     folding-paper-34965 (00000294FD87EA88)
[LOG] SoundI::release                          :     folding-paper-34965 (0000029205E9DC08)
[LOG] SystemI::createSound                     : filename = Assets/SFX/Build/Desktop/Master.bank : mode 02010082
[LOG] SystemI::createSound                     : FMOD_NONBLOCKING specified.  Putting into queue to be opened asynchronously!
[LOG] AsyncThread::add                         : add sound to async queue : soundi = 00000294D40B5208, queue head = 00000294D81E8798, queue count = 0
[LOG] AsyncThread::threadFunc                  : Starting Asynchronous operation on sound 00000294D40B5208
[LOG] SystemI::createSoundInternal             :     Create name='Assets/SFX/Build/Desktop/Master.bank', mode=0x02010082
[LOG] SystemI::createSoundInternal             :     exinfo->cbsize             = 224
[LOG] SystemI::createSoundInternal             :     exinfo->length             = 1119456
[LOG] SystemI::createSoundInternal             :     exinfo->fileoffset         = 5888
[LOG] SystemI::createSoundInternal             :     exinfo->numsubsounds       = 1
[LOG] SystemI::createSoundInternal             :     exinfo->inclusionlist      = 000002948AEF9AB0
[LOG] SystemI::createSoundInternal             :     exinfo->inclusionlistnum   = 1
[LOG] SystemI::createSoundInternal             :     exinfo->suggestedsoundtype = 5
[LOG] SystemI::createSoundInternal             :     exinfo->initialseekposition = 8500
[LOG] SystemI::createSoundInternal             :     exinfo->initialseekpostype = 1
[LOG] SystemI::createSoundInternal             :     Stream 0/1: name='folding-paper-34965', format=5, channels=2, frequency=48000, lengthbytes=492832, lengthpcm=2246400, pcmblocksize=0, loopstart=0, loopend=0, mode=0x00000000, channelmask=0x00000000, channelorder=0, peakvolume=0.678986.
[LOG] AsyncThread::threadFunc                  : Finished Asynchronous operation on sound 00000294D40B5208
[LOG] SystemI::createSound                     : filename = Assets/SFX/Build/Desktop/Master.bank : mode 02010082
[LOG] SystemI::createSound                     : FMOD_NONBLOCKING specified.  Putting into queue to be opened asynchronously!
[LOG] AsyncThread::add                         : add sound to async queue : soundi = 00000294D40B4CF8, queue head = 00000294D81E8798, queue count = 0
[LOG] AsyncThread::threadFunc                  : Starting Asynchronous operation on sound 00000294D40B4CF8
[LOG] SystemI::createSoundInternal             :     Create name='Assets/SFX/Build/Desktop/Master.bank', mode=0x02010082
[LOG] SystemI::createSoundInternal             :     exinfo->cbsize             = 224
[LOG] SystemI::createSoundInternal             :     exinfo->length             = 1119456
[LOG] SystemI::createSoundInternal             :     exinfo->fileoffset         = 5888
[LOG] SystemI::createSoundInternal             :     exinfo->numsubsounds       = 1
[LOG] SystemI::createSoundInternal             :     exinfo->inclusionlist      = 000002948AEF9E70
[LOG] SystemI::createSoundInternal             :     exinfo->inclusionlistnum   = 1
[LOG] SystemI::createSoundInternal             :     exinfo->suggestedsoundtype = 5
[LOG] SystemI::createSoundInternal             :     exinfo->initialseekposition = 9000
[LOG] SystemI::createSoundInternal             :     exinfo->initialseekpostype = 1
[LOG] SystemI::createSoundInternal             :     Stream 0/1: name='folding-paper-34965', format=5, channels=2, frequency=48000, lengthbytes=492832, lengthpcm=2246400, pcmblocksize=0, loopstart=0, loopend=0, mode=0x00000000, channelmask=0x00000000, channelorder=0, peakvolume=0.678986.
[LOG] AsyncThread::threadFunc                  : Finished Asynchronous operation on sound 00000294D40B4CF8
[LOG] SoundI::release                          : folding-paper-34965 (00000294D40B47E8)
[LOG] SoundI::release                          :     folding-paper-34965 (00000294FD86A3D8)
[LOG] SoundI::release                          :     folding-paper-34965 (00000294D3C5B728)
[LOG] SoundI::release                          : folding-paper-34965 (00000294D40B5208)
[LOG] SoundI::release                          :     folding-paper-34965 (00000294FD86A718)
[LOG] SoundI::release                          :     folding-paper-34965 (00000293BD3E9F58)
[LOG] SystemI::createSound                     : filename = Assets/SFX/Build/Desktop/Master.bank : mode 02010082
[LOG] SystemI::createSound                     : FMOD_NONBLOCKING specified.  Putting into queue to be opened asynchronously!
[LOG] AsyncThread::add                         : add sound to async queue : soundi = 00000294D40B4EA8, queue head = 00000294D81E8798, queue count = 0
[LOG] AsyncThread::threadFunc                  : Starting Asynchronous operation on sound 00000294D40B4EA8
[LOG] SystemI::createSoundInternal             :     Create name='Assets/SFX/Build/Desktop/Master.bank', mode=0x02010082
[LOG] SystemI::createSoundInternal             :     exinfo->cbsize             = 224
[LOG] SystemI::createSoundInternal             :     exinfo->length             = 1119456
[LOG] SystemI::createSoundInternal             :     exinfo->fileoffset         = 5888
[LOG] SystemI::createSoundInternal             :     exinfo->numsubsounds       = 1
[LOG] SystemI::createSoundInternal             :     exinfo->inclusionlist      = 000002948AEF9AB0
[LOG] SystemI::createSoundInternal             :     exinfo->inclusionlistnum   = 1
[LOG] SystemI::createSoundInternal             :     exinfo->suggestedsoundtype = 5
[LOG] SystemI::createSoundInternal             :     exinfo->initialseekposition = 10000
[LOG] SystemI::createSoundInternal             :     exinfo->initialseekpostype = 1
[LOG] SystemI::createSoundInternal             :     Stream 0/1: name='folding-paper-34965', format=5, channels=2, frequency=48000, lengthbytes=492832, lengthpcm=2246400, pcmblocksize=0, loopstart=0, loopend=0, mode=0x00000000, channelmask=0x00000000, channelorder=0, peakvolume=0.678986.
[LOG] AsyncThread::threadFunc                  : Finished Asynchronous operation on sound 00000294D40B4EA8
[LOG] SoundI::release                          : folding-paper-34965 (00000294D40B4CF8)
[LOG] SoundI::release                          :     folding-paper-34965 (00000294FD869EF8)
[LOG] SoundI::release                          :     folding-paper-34965 (00000293BD3EA2B8)
[LOG] SoundI::release                          : folding-paper-34965 (00000294D40B4EA8)
[LOG] SoundI::release                          :     folding-paper-34965 (00000294FD869A18)
[LOG] SoundI::release                          :     folding-paper-34965 (00000293BD3E9DA8)
[LOG] SystemI::createSound                     : filename = Assets/SFX/Build/Desktop/Master.bank : mode 02010082
[LOG] SystemI::createSound                     : FMOD_NONBLOCKING specified.  Putting into queue to be opened asynchronously!
[LOG] AsyncThread::add                         : add sound to async queue : soundi = 00000294322AC0B8, queue head = 00000294D81E8798, queue count = 0
[LOG] AsyncThread::threadFunc                  : Starting Asynchronous operation on sound 00000294322AC0B8
[LOG] SystemI::createSoundInternal             :     Create name='Assets/SFX/Build/Desktop/Master.bank', mode=0x02010082
[LOG] SystemI::createSoundInternal             :     exinfo->cbsize             = 224
[LOG] SystemI::createSoundInternal             :     exinfo->length             = 1119456
[LOG] SystemI::createSoundInternal             :     exinfo->fileoffset         = 5888
[LOG] SystemI::createSoundInternal             :     exinfo->numsubsounds       = 1
[LOG] SystemI::createSoundInternal             :     exinfo->inclusionlist      = 000002948AEF9AB0
[LOG] SystemI::createSoundInternal             :     exinfo->inclusionlistnum   = 1
[LOG] SystemI::createSoundInternal             :     exinfo->suggestedsoundtype = 5
[LOG] SystemI::createSoundInternal             :     exinfo->initialseekpostype = 1
[LOG] SystemI::createSoundInternal             :     Stream 0/1: name='BeepBox-Song', format=5, channels=2, frequency=48000, lengthbytes=480256, lengthpcm=2457600, pcmblocksize=0, loopstart=0, loopend=0, mode=0x00000000, channelmask=0x00000000, channelorder=0, peakvolume=0.321625.
[LOG] AsyncThread::threadFunc                  : Finished Asynchronous operation on sound 00000294322AC0B8
[LOG] SoundI::release                          : BeepBox-Song (00000294211B93C8)
[LOG] SoundI::release                          :     BeepBox-Song (00000294D89394D8)
[LOG] SoundI::release                          :     BeepBox-Song (00000294FD7D7308)
[LOG] SoundI::release                          : BeepBox-Song (00000294322AC0B8)
[LOG] SoundI::release                          :     BeepBox-Song (00000294FD86A718)
[LOG] SoundI::release                          :     BeepBox-Song (00000294D3C5B728)
[LOG] SoundI::release                          :  (0000029205D2E028)
[LOG] SoundI::release                          :     clock-alarm-8761 (00000294D8494498)
[LOG] SoundI::release                          :  (00000294D8733C88)
[LOG] SoundI::release                          :     main-door-opening-closing-38281 - Trimmed - Trimmed - Trimmed (00000294FD87E408)
[LOG] Thread::callback                         : FMOD Studio update thread finished.
[LOG] Thread::callback                         : FMOD Studio bank load thread finished.
[LOG] Profile::disconnectAll                   : Profiler disconnecting all clients
[LOG] Thread::callback                         : FMOD Studio sample load thread finished.
[LOG] LiveUpdate::release                      : 
[LOG] LiveUpdate::reset                        : Reset connection (reason Disconnected)
[LOG] Thread::callback                         : FMOD stream thread finished.
[LOG] Thread::callback                         : FMOD mixer thread finished.
[LOG] Profile::disconnectAll                   : Profiler disconnecting all clients
[LOG] SystemI::close                           : Closed.
[LOG] Thread::callback                         : FMOD Studio bank load thread finished.
[LOG] Thread::callback                         : FMOD Studio sample load thread finished.
[LOG] LiveUpdate::release                      : 
[LOG] LiveUpdate::reset                        : Reset connection (reason Disconnected)
[LOG] Thread::callback                         : FMOD stream thread finished.
[LOG] Thread::callback                         : FMOD mixer thread finished.
[LOG] SystemI::close                           : Closed.
[LOG] Thread::callback                         : FMOD nonblocking thread (0) finished.
[LOG] Thread::callback                         : FMOD file thread finished.
